2023-11-28:29:19:2919 - [32minfo[39m: [32mAplicação iniciada com sucesso na porta 3000[39m
2023-11-28:30:00:300 - [32minfo[39m: [32mAplicação iniciada com sucesso na porta 3000[39m
2023-11-28:30:39:3039 - [32minfo[39m: [32mConexão com o banco de dados realizada com sucesso![39m
2023-11-28:30:39:3039 - [32minfo[39m: [32mAplicação iniciada com sucesso na porta 3000[39m
2023-11-28:31:02:312 - [34minfo[39m: [34mConexão com o banco de dados realizada com sucesso![39m
2023-11-28:31:02:312 - [34minfo[39m: [34mAplicação iniciada com sucesso na porta 3000[39m
2023-11-28:31:09:319 - [32minfo[39m: [32mConexão com o banco de dados realizada com sucesso![39m
2023-11-28:31:09:319 - [32minfo[39m: [32mAplicação iniciada com sucesso na porta 3000[39m
2023-11-28:31:19:3119 - [[32minfo[39m]: [32mConexão com o banco de dados realizada com sucesso![39m
2023-11-28:31:19:3119 - [[32minfo[39m]: [32mAplicação iniciada com sucesso na porta 3000[39m
2023-11-28:31:46:3146 - [[31merror[39m]: [31mNão foi possível conectar ao Banco de dados.[39m
2023-11-28:31:54:3154 - [[32minfo[39m]: [32mConexão com o banco de dados realizada com sucesso![39m
2023-11-28:31:54:3154 - [[32minfo[39m]: [32mAplicação iniciada com sucesso na porta 3000[39m
2023-11-28:33:18:3318 - [[32minfo[39m]: [32mConexão com o banco de dados realizada com sucesso![39m
2023-11-28:33:18:3318 - [[32minfo[39m]: [32mAplicação iniciada com sucesso na porta 3000[39m
[2023-11-28:35:21:3521] - [[32minfo[39m]: [32mConexão com o banco de dados realizada com sucesso![39m
[2023-11-28:35:21:3521] - [[32minfo[39m]: [32mAplicação iniciada com sucesso na porta 3000[39m
[2023-11-28:35:47:3547] - [[32MINFO[39M]: [32mConexão com o banco de dados realizada com sucesso![39m
[2023-11-28:35:47:3547] - [[32MINFO[39M]: [32mAplicação iniciada com sucesso na porta 3000[39m
[2023-11-28:36:03:363] - [[32minfo[39m]: [32mConexão com o banco de dados realizada com sucesso![39m
[2023-11-28:36:03:363] - [[32minfo[39m]: [32mAplicação iniciada com sucesso na porta 3000[39m
[2023-11-28:36:23:3623] - [[32minfo[39m]: [32mConexão com o banco de dados realizada com sucesso![39m
[2023-11-28:36:23:3623] - [[32minfo[39m]: [32mAplicação iniciada com sucesso na porta 3000[39m
[2023-11-28:36:27:3627] - [undefined]: [32mConexão com o banco de dados realizada com sucesso![39m
[2023-11-28:36:27:3627] - [undefined]: [32mAplicação iniciada com sucesso na porta 3000[39m
[2023-11-28:36:33:3633] - [function toUpperCase() { [native code] }]: [32mConexão com o banco de dados realizada com sucesso![39m
[2023-11-28:36:33:3633] - [function toUpperCase() { [native code] }]: [32mAplicação iniciada com sucesso na porta 3000[39m
[2023-11-28:36:36:3636] - [[32MINFO[39M]: [32mConexão com o banco de dados realizada com sucesso![39m
[2023-11-28:36:36:3636] - [[32MINFO[39M]: [32mAplicação iniciada com sucesso na porta 3000[39m
[2023-11-28:36:49:3649] - [undefined]: [32mConexão com o banco de dados realizada com sucesso![39m
[2023-11-28:36:49:3649] - [undefined]: [32mAplicação iniciada com sucesso na porta 3000[39m
[2023-11-28:36:51:3651] - [[32minfo[39m]: [32mConexão com o banco de dados realizada com sucesso![39m
[2023-11-28:36:51:3651] - [[32minfo[39m]: [32mAplicação iniciada com sucesso na porta 3000[39m
[2023-11-28:37:03:373] - [[32minfo[39m]: [32mConexão com o banco de dados realizada com sucesso![39m
[2023-11-28:37:03:373] - [[32minfo[39m]: [32mAplicação iniciada com sucesso na porta 3000[39m
[2023-11-28:37:06:376] - [[32minfo[39m]: [32mConexão com o banco de dados realizada com sucesso![39m
[2023-11-28:37:06:376] - [[32minfo[39m]: [32mAplicação iniciada com sucesso na porta 3000[39m
undefined
undefined
undefined
undefined
undefined
undefined
[2023-11-28:37:23:3723] - [[32minfo[39m]: [32mConexão com o banco de dados realizada com sucesso![39m
[2023-11-28:37:23:3723] - [[32minfo[39m]: [32mAplicação iniciada com sucesso na porta 3000[39m
[2023-11-28:37:28:3728] - [[32minfo[39m]: [32mConexão com o banco de dados realizada com sucesso![39m
[2023-11-28:37:28:3728] - [[32minfo[39m]: [32mAplicação iniciada com sucesso na porta 3000[39m
[2023-11-28:37:32:3732] - [[32minfo[39m]: [32mConexão com o banco de dados realizada com sucesso![39m
[2023-11-28:37:32:3732] - [[32minfo[39m]: [32mAplicação iniciada com sucesso na porta 3000[39m
[2023-11-28:37:35:3735] - [[32minfo[39m]: [32mConexão com o banco de dados realizada com sucesso![39m
[2023-11-28:37:35:3735] - [[32minfo[39m]: [32mAplicação iniciada com sucesso na porta 3000[39m
[2023-11-28:37:49:3749] - [[32minfo[39m]: [32mConexão com o banco de dados realizada com sucesso![39m
[2023-11-28:37:49:3749] - [[32minfo[39m]: [32mAplicação iniciada com sucesso na porta 3000[39m
[2023-11-28:37:51:3751] - [[32minfo[39m]: [32mConexão com o banco de dados realizada com sucesso![39m
[2023-11-28:37:52:3752] - [[32minfo[39m]: [32mAplicação iniciada com sucesso na porta 3000[39m
[2023-11-28:37:59:3759] - [[32minfo[39m]: [32mConexão com o banco de dados realizada com sucesso![39m
[2023-11-28:37:59:3759] - [[32minfo[39m]: [32mAplicação iniciada com sucesso na porta 3000[39m
[2023-11-28:38:10:3810] - [[32minfo[39m]: [32mConexão com o banco de dados realizada com sucesso![39m
[2023-11-28:38:10:3810] - [[32minfo[39m]: [32mAplicação iniciada com sucesso na porta 3000[39m
[2023-11-28:38:23:3823] - [[32minfo[39m]: [32mConexão com o banco de dados realizada com sucesso![39m
[2023-11-28:38:23:3823] - [[32minfo[39m]: [32mAplicação iniciada com sucesso na porta 3000[39m
[2023-11-28:38:41:3841] - [undefined]: [32mConexão com o banco de dados realizada com sucesso![39m
[2023-11-28:38:41:3841] - [undefined]: [32mAplicação iniciada com sucesso na porta 3000[39m
[2023-11-28:38:47:3847] - [function toUpperCase() { [native code] }]: [32mConexão com o banco de dados realizada com sucesso![39m
[2023-11-28:38:47:3847] - [function toUpperCase() { [native code] }]: [32mAplicação iniciada com sucesso na porta 3000[39m
[2023-11-28:38:48:3848] - [[32MINFO[39M]: [32mConexão com o banco de dados realizada com sucesso![39m
[2023-11-28:38:48:3848] - [[32MINFO[39M]: [32mAplicação iniciada com sucesso na porta 3000[39m
[2023-11-28:38:57:3857] - []: [32mConexão com o banco de dados realizada com sucesso![39m
[2023-11-28:38:57:3857] - []: [32mAplicação iniciada com sucesso na porta 3000[39m
[2023-11-28:39:02:392] - []: [32mConexão com o banco de dados realizada com sucesso![39m
[2023-11-28:39:02:392] - []: [32mAplicação iniciada com sucesso na porta 3000[39m
[2023-11-28:39:23:3923] - []: [32mConexão com o banco de dados realizada com sucesso![39m
[2023-11-28:39:23:3923] - []: [32mAplicação iniciada com sucesso na porta 3000[39m
[2023-11-28:39:35:3935] - []: [32mConexão com o banco de dados realizada com sucesso![39m
[2023-11-28:39:35:3935] - []: [32mAplicação iniciada com sucesso na porta 3000[39m
[2023-11-28:39:39:3939] - []: [32mConexão com o banco de dados realizada com sucesso![39m
[2023-11-28:39:39:3939] - []: [32mAplicação iniciada com sucesso na porta 3000[39m
[2023-11-28:39:50:3950] - []: [32mConexão com o banco de dados realizada com sucesso![39m
[2023-11-28:39:50:3950] - []: [32mAplicação iniciada com sucesso na porta 3000[39m
[2023-11-28:40:00:400] - [undefined]: [32mConexão com o banco de dados realizada com sucesso![39m
[2023-11-28:40:00:400] - [undefined]: [32mAplicação iniciada com sucesso na porta 3000[39m
[2023-11-28:40:04:404] - [[32MINFO[39M]: [32mConexão com o banco de dados realizada com sucesso![39m
[2023-11-28:40:04:404] - [[32MINFO[39M]: [32mAplicação iniciada com sucesso na porta 3000[39m
[2023-11-28:40:28:4028] - [[32MINFO[39M]: [32mConexão com o banco de dados realizada com sucesso![39m
[2023-11-28:40:28:4028] - [[32MINFO[39M]: [32mAplicação iniciada com sucesso na porta 3000[39m
[2023-11-28:40:52:4052] - [[32minfo[39m]: [32mConexão com o banco de dados realizada com sucesso![39m
[2023-11-28:40:52:4052] - [[32minfo[39m]: [32mAplicação iniciada com sucesso na porta 3000[39m
[2023-11-28:40:56:4056] - [[32minfo[39m]: [32mConexão com o banco de dados realizada com sucesso![39m
[2023-11-28:40:56:4056] - [[32minfo[39m]: [32mAplicação iniciada com sucesso na porta 3000[39m
[2023-11-28:56:10:5610] - [[32minfo[39m]: [32mConexão com o banco de dados realizada com sucesso![39m
[2023-11-28:56:10:5610] - [[32minfo[39m]: [32mAplicação iniciada com sucesso na porta 3000[39m
[2023-11-28:56:15:5615] - [[32minfo[39m]: [32mConexão com o banco de dados realizada com sucesso![39m
[2023-11-28:56:15:5615] - [[32minfo[39m]: [32mAplicação iniciada com sucesso na porta 3000[39m
[2023-11-28:56:19:5619] - [[32minfo[39m]: [32mConexão com o banco de dados realizada com sucesso![39m
[2023-11-28:56:19:5619] - [[32minfo[39m]: [32mAplicação iniciada com sucesso na porta 3000[39m
[2023-11-28:56:36:5636] - [[32minfo[39m]: [32mConexão com o banco de dados realizada com sucesso![39m
[2023-11-28:56:36:5636] - [[32minfo[39m]: [32mAplicação iniciada com sucesso na porta 3000[39m
[2023-11-28:56:44:5644] - [[32minfo[39m]: [32mConexão com o banco de dados realizada com sucesso![39m
[2023-11-28:56:44:5644] - [[32minfo[39m]: [32mAplicação iniciada com sucesso na porta 3000[39m
[2023-11-28:57:06:576] - [[32minfo[39m]: [32mConexão com o banco de dados realizada com sucesso![39m
[2023-11-28:57:06:576] - [[32minfo[39m]: [32mAplicação iniciada com sucesso na porta 3000[39m
[2023-11-28:57:33:5733] - [[32minfo[39m]: [32mConexão com o banco de dados realizada com sucesso![39m
[2023-11-28:57:33:5733] - [[32minfo[39m]: [32mAplicação iniciada com sucesso na porta 3000[39m
[2023-11-28:57:35:5735] - [[32minfo[39m]: [32mConexão com o banco de dados realizada com sucesso![39m
[2023-11-28:57:35:5735] - [[32minfo[39m]: [32mAplicação iniciada com sucesso na porta 3000[39m
[2023-11-28:57:42:5742] - [[32minfo[39m]: [32mConexão com o banco de dados realizada com sucesso![39m
[2023-11-28:57:42:5742] - [[32minfo[39m]: [32mAplicação iniciada com sucesso na porta 3000[39m
[2023-11-28:57:50:5750] - [[32minfo[39m]: [32mConexão com o banco de dados realizada com sucesso![39m
[2023-11-28:57:50:5750] - [[32minfo[39m]: [32mAplicação iniciada com sucesso na porta 3000[39m
[2023-11-28:57:53:5753] - [[35mhttp[39m]: [35mGET /api/test 200 : res[content-length] = 2.310 ms[39m
[35m[39m
[2023-11-28:01:56:156] - [[32minfo[39m]: [32mConexão com o banco de dados realizada com sucesso![39m
[2023-11-28:01:56:156] - [[32minfo[39m]: [32mAplicação iniciada com sucesso na porta 3000[39m
[2023-11-28:08:21:821] - [[35mhttp[39m]: [35mGET /api/test 200 : res[content-length] = 3.530 ms[39m
[35m[39m
[2023-11-28:08:23:823] - [[35mhttp[39m]: [35mGET /api/test 200 : res[content-length] = 0.508 ms[39m
[35m[39m
[2023-11-29:07:43:743] - [[32minfo[39m]: [32mConexão com o banco de dados realizada com sucesso![39m
[2023-11-29:07:43:743] - [[32minfo[39m]: [32mAplicação iniciada com sucesso na porta 3000[39m
[2023-11-29:25:15:2515] - [[32minfo[39m]: [32mConexão com o banco de dados realizada com sucesso![39m
[2023-11-29:25:15:2515] - [[32minfo[39m]: [32mAplicação iniciada com sucesso na porta 3000[39m
[2023-11-29:25:57:2557] - [[32minfo[39m]: [32mConexão com o banco de dados realizada com sucesso![39m
[2023-11-29:25:57:2557] - [[32minfo[39m]: [32mAplicação iniciada com sucesso na porta 3000[39m
[2023-11-29:27:28:2728] - [[35mhttp[39m]: [35mPOST /api/movie 200 : res[content-length] = 2.059 ms[39m
[35m[39m
[2023-11-29:35:47:3547] - [[32minfo[39m]: [32mConexão com o banco de dados realizada com sucesso![39m
[2023-11-29:35:47:3547] - [[32minfo[39m]: [32mAplicação iniciada com sucesso na porta 3000[39m
[2023-11-29:36:30:3630] - [[32minfo[39m]: [32mConexão com o banco de dados realizada com sucesso![39m
[2023-11-29:36:30:3630] - [[32minfo[39m]: [32mAplicação iniciada com sucesso na porta 3000[39m
[2023-11-29:37:28:3728] - [[35mhttp[39m]: [35mPOST /api/movie 201 : res[content-length] = 75.141 ms[39m
[35m[39m
[2023-11-29:44:05:445] - [[32minfo[39m]: [32mConexão com o banco de dados realizada com sucesso![39m
[2023-11-29:44:05:445] - [[32minfo[39m]: [32mAplicação iniciada com sucesso na porta 3000[39m
[2023-11-29:28:30:2830] - [[32minfo[39m]: [32mConexão com o banco de dados realizada com sucesso![39m
[2023-11-29:28:30:2830] - [[32minfo[39m]: [32mAplicação iniciada com sucesso na porta 3000[39m
[2023-11-29:34:11:3411] - [[32minfo[39m]: [32mConexão com o banco de dados realizada com sucesso![39m
[2023-11-29:34:11:3411] - [[32minfo[39m]: [32mAplicação iniciada com sucesso na porta 3000[39m
[2023-11-30:18:31:1831] - [[31merror[39m]: [31mNão foi possível conectar ao Banco de dados.[39m
[2023-11-30:20:27:2027] - [[32minfo[39m]: [32mConexão com o banco de dados realizada com sucesso![39m
[2023-11-30:20:27:2027] - [[32minfo[39m]: [32mAplicação iniciada com sucesso na porta 3000[39m
[2023-11-30:20:39:2039] - [[35mhttp[39m]: [35mPOST /api/movie 201 : res[content-length] = 86.427 ms[39m
[35m[39m
[2023-11-30:22:27:2227] - [[32minfo[39m]: [32mConexão com o banco de dados realizada com sucesso![39m
[2023-11-30:22:27:2227] - [[32minfo[39m]: [32mAplicação iniciada com sucesso na porta 3000[39m
[2023-11-30:22:29:2229] - [[32minfo[39m]: [32mConexão com o banco de dados realizada com sucesso![39m
[2023-11-30:22:29:2229] - [[32minfo[39m]: [32mAplicação iniciada com sucesso na porta 3000[39m
[2023-11-30:22:34:2234] - [[32minfo[39m]: [32mConexão com o banco de dados realizada com sucesso![39m
[2023-11-30:22:34:2234] - [[32minfo[39m]: [32mAplicação iniciada com sucesso na porta 3000[39m
[2023-11-30:22:37:2237] - [[35mhttp[39m]: [35mPOST /api/movie 201 : res[content-length] = 79.925 ms[39m
[35m[39m
[2023-11-30:23:07:237] - [[32minfo[39m]: [32mConexão com o banco de dados realizada com sucesso![39m
[2023-11-30:23:07:237] - [[32minfo[39m]: [32mAplicação iniciada com sucesso na porta 3000[39m
[2023-11-30:50:23:5023] - [[32minfo[39m]: [32mConexão com o banco de dados realizada com sucesso![39m
[2023-11-30:50:23:5023] - [[32minfo[39m]: [32mAplicação iniciada com sucesso na porta 3000[39m
[2023-11-30:50:28:5028] - [[32minfo[39m]: [32mConexão com o banco de dados realizada com sucesso![39m
[2023-11-30:50:28:5028] - [[32minfo[39m]: [32mAplicação iniciada com sucesso na porta 3000[39m
[2023-11-30:54:21:5421] - [[32minfo[39m]: [32mConexão com o banco de dados realizada com sucesso![39m
[2023-11-30:54:21:5421] - [[32minfo[39m]: [32mAplicação iniciada com sucesso na porta 3000[39m
[2023-11-30:54:34:5434] - [[32minfo[39m]: [32mConexão com o banco de dados realizada com sucesso![39m
[2023-11-30:54:34:5434] - [[32minfo[39m]: [32mAplicação iniciada com sucesso na porta 3000[39m
[2023-11-30:54:38:5438] - [[32minfo[39m]: [32mConexão com o banco de dados realizada com sucesso![39m
[2023-11-30:54:38:5438] - [[32minfo[39m]: [32mAplicação iniciada com sucesso na porta 3000[39m
[2023-11-30:54:40:5440] - [[32minfo[39m]: [32mConexão com o banco de dados realizada com sucesso![39m
[2023-11-30:54:40:5440] - [[32minfo[39m]: [32mAplicação iniciada com sucesso na porta 3000[39m
[2023-11-30:54:45:5445] - [[32minfo[39m]: [32mConexão com o banco de dados realizada com sucesso![39m
[2023-11-30:54:45:5445] - [[32minfo[39m]: [32mAplicação iniciada com sucesso na porta 3000[39m
[2023-11-30:54:51:5451] - [[32minfo[39m]: [32mConexão com o banco de dados realizada com sucesso![39m
[2023-11-30:54:51:5451] - [[32minfo[39m]: [32mAplicação iniciada com sucesso na porta 3000[39m
[2023-11-30:56:34:5634] - [[32minfo[39m]: [32mConexão com o banco de dados realizada com sucesso![39m
[2023-11-30:56:34:5634] - [[32minfo[39m]: [32mAplicação iniciada com sucesso na porta 3000[39m
[2023-11-30:56:41:5641] - [[32minfo[39m]: [32mConexão com o banco de dados realizada com sucesso![39m
[2023-11-30:56:41:5641] - [[32minfo[39m]: [32mAplicação iniciada com sucesso na porta 3000[39m
[2023-11-30:56:50:5650] - [[32minfo[39m]: [32mConexão com o banco de dados realizada com sucesso![39m
[2023-11-30:56:50:5650] - [[32minfo[39m]: [32mAplicação iniciada com sucesso na porta 3000[39m
[2023-11-30:05:39:539] - [[35mhttp[39m]: [35mPOST /api/movie 422 : res[content-length] = 7.851 ms[39m
[35m[39m
[2023-11-30:06:05:65] - [[35mhttp[39m]: [35mPOST /api/movie 422 : res[content-length] = 1.067 ms[39m
[35m[39m
[2023-11-30:11:02:112] - [[32minfo[39m]: [32mConexão com o banco de dados realizada com sucesso![39m
[2023-11-30:11:02:112] - [[32minfo[39m]: [32mAplicação iniciada com sucesso na porta 3000[39m
[2023-11-30:11:45:1145] - [[32minfo[39m]: [32mConexão com o banco de dados realizada com sucesso![39m
[2023-11-30:11:45:1145] - [[32minfo[39m]: [32mAplicação iniciada com sucesso na porta 3000[39m
[2023-11-30:12:05:125] - [[32minfo[39m]: [32mConexão com o banco de dados realizada com sucesso![39m
[2023-11-30:12:05:125] - [[32minfo[39m]: [32mAplicação iniciada com sucesso na porta 3000[39m
[2023-11-30:12:32:1232] - [[32minfo[39m]: [32mConexão com o banco de dados realizada com sucesso![39m
[2023-11-30:12:32:1232] - [[32minfo[39m]: [32mAplicação iniciada com sucesso na porta 3000[39m
[2023-11-30:12:37:1237] - [[32minfo[39m]: [32mConexão com o banco de dados realizada com sucesso![39m
[2023-11-30:12:37:1237] - [[32minfo[39m]: [32mAplicação iniciada com sucesso na porta 3000[39m
[2023-11-30:13:09:139] - [[32minfo[39m]: [32mConexão com o banco de dados realizada com sucesso![39m
[2023-11-30:13:09:139] - [[32minfo[39m]: [32mAplicação iniciada com sucesso na porta 3000[39m
[2023-11-30:13:14:1314] - [[32minfo[39m]: [32mConexão com o banco de dados realizada com sucesso![39m
[2023-11-30:13:14:1314] - [[32minfo[39m]: [32mAplicação iniciada com sucesso na porta 3000[39m
[2023-11-30:13:23:1323] - [[32minfo[39m]: [32mConexão com o banco de dados realizada com sucesso![39m
[2023-11-30:13:23:1323] - [[32minfo[39m]: [32mAplicação iniciada com sucesso na porta 3000[39m
[2023-11-30:13:39:1339] - [[32minfo[39m]: [32mConexão com o banco de dados realizada com sucesso![39m
[2023-11-30:13:39:1339] - [[32minfo[39m]: [32mAplicação iniciada com sucesso na porta 3000[39m
[2023-11-30:13:48:1348] - [[32minfo[39m]: [32mConexão com o banco de dados realizada com sucesso![39m
[2023-11-30:13:48:1348] - [[32minfo[39m]: [32mAplicação iniciada com sucesso na porta 3000[39m
[2023-11-30:14:31:1431] - [[32minfo[39m]: [32mConexão com o banco de dados realizada com sucesso![39m
[2023-11-30:14:31:1431] - [[32minfo[39m]: [32mAplicação iniciada com sucesso na porta 3000[39m
[2023-11-30:15:27:1527] - [[32minfo[39m]: [32mConexão com o banco de dados realizada com sucesso![39m
[2023-11-30:15:27:1527] - [[32minfo[39m]: [32mAplicação iniciada com sucesso na porta 3000[39m
[2023-11-30:15:29:1529] - [[32minfo[39m]: [32mConexão com o banco de dados realizada com sucesso![39m
[2023-11-30:15:29:1529] - [[32minfo[39m]: [32mAplicação iniciada com sucesso na porta 3000[39m
[2023-11-30:18:20:1820] - [[32minfo[39m]: [32mConexão com o banco de dados realizada com sucesso![39m
[2023-11-30:18:20:1820] - [[32minfo[39m]: [32mAplicação iniciada com sucesso na porta 3000[39m
[2023-11-30:18:22:1822] - [[35mhttp[39m]: [35mPOST /api/movie 422 : res[content-length] = 5.523 ms[39m
[35m[39m
[2023-11-30:33:24:3324] - [[32minfo[39m]: [32mConexão com o banco de dados realizada com sucesso![39m
[2023-11-30:33:24:3324] - [[32minfo[39m]: [32mAplicação iniciada com sucesso na porta 3000[39m
[2023-11-30:34:00:340] - [[32minfo[39m]: [32mConexão com o banco de dados realizada com sucesso![39m
[2023-11-30:34:00:340] - [[32minfo[39m]: [32mAplicação iniciada com sucesso na porta 3000[39m
[2023-11-30:34:17:3417] - [[32minfo[39m]: [32mConexão com o banco de dados realizada com sucesso![39m
[2023-11-30:34:17:3417] - [[32minfo[39m]: [32mAplicação iniciada com sucesso na porta 3000[39m
[2023-11-30:34:27:3427] - [[32minfo[39m]: [32mConexão com o banco de dados realizada com sucesso![39m
[2023-11-30:34:27:3427] - [[32minfo[39m]: [32mAplicação iniciada com sucesso na porta 3000[39m
[2023-11-30:34:32:3432] - [[32minfo[39m]: [32mConexão com o banco de dados realizada com sucesso![39m
[2023-11-30:34:32:3432] - [[32minfo[39m]: [32mAplicação iniciada com sucesso na porta 3000[39m
[2023-11-30:34:36:3436] - [[32minfo[39m]: [32mConexão com o banco de dados realizada com sucesso![39m
[2023-11-30:34:36:3436] - [[32minfo[39m]: [32mAplicação iniciada com sucesso na porta 3000[39m
[2023-11-30:34:44:3444] - [[32minfo[39m]: [32mConexão com o banco de dados realizada com sucesso![39m
[2023-11-30:34:44:3444] - [[32minfo[39m]: [32mAplicação iniciada com sucesso na porta 3000[39m
[2023-11-30:34:51:3451] - [[32minfo[39m]: [32mConexão com o banco de dados realizada com sucesso![39m
[2023-11-30:34:51:3451] - [[32minfo[39m]: [32mAplicação iniciada com sucesso na porta 3000[39m
[2023-11-30:34:56:3456] - [[32minfo[39m]: [32mConexão com o banco de dados realizada com sucesso![39m
[2023-11-30:34:56:3456] - [[32minfo[39m]: [32mAplicação iniciada com sucesso na porta 3000[39m
[2023-11-30:35:00:350] - [[32minfo[39m]: [32mConexão com o banco de dados realizada com sucesso![39m
[2023-11-30:35:00:350] - [[32minfo[39m]: [32mAplicação iniciada com sucesso na porta 3000[39m
[2023-11-30:35:11:3511] - [[32minfo[39m]: [32mConexão com o banco de dados realizada com sucesso![39m
[2023-11-30:35:11:3511] - [[32minfo[39m]: [32mAplicação iniciada com sucesso na porta 3000[39m
[2023-11-30:35:28:3528] - [[32minfo[39m]: [32mConexão com o banco de dados realizada com sucesso![39m
[2023-11-30:35:28:3528] - [[32minfo[39m]: [32mAplicação iniciada com sucesso na porta 3000[39m
[2023-11-30:35:31:3531] - [[32minfo[39m]: [32mConexão com o banco de dados realizada com sucesso![39m
[2023-11-30:35:31:3531] - [[32minfo[39m]: [32mAplicação iniciada com sucesso na porta 3000[39m
[2023-11-30:35:43:3543] - [[32minfo[39m]: [32mConexão com o banco de dados realizada com sucesso![39m
[2023-11-30:35:43:3543] - [[32minfo[39m]: [32mAplicação iniciada com sucesso na porta 3000[39m
[2023-11-30:35:52:3552] - [[32minfo[39m]: [32mConexão com o banco de dados realizada com sucesso![39m
[2023-11-30:35:52:3552] - [[32minfo[39m]: [32mAplicação iniciada com sucesso na porta 3000[39m
[2023-11-30:36:01:361] - [[32minfo[39m]: [32mConexão com o banco de dados realizada com sucesso![39m
[2023-11-30:36:01:361] - [[32minfo[39m]: [32mAplicação iniciada com sucesso na porta 3000[39m
[2023-11-30:36:20:3620] - [[32minfo[39m]: [32mConexão com o banco de dados realizada com sucesso![39m
[2023-11-30:36:20:3620] - [[32minfo[39m]: [32mAplicação iniciada com sucesso na porta 3000[39m
[2023-11-30:36:37:3637] - [[32minfo[39m]: [32mConexão com o banco de dados realizada com sucesso![39m
[2023-11-30:36:37:3637] - [[32minfo[39m]: [32mAplicação iniciada com sucesso na porta 3000[39m
[2023-11-30:36:50:3650] - [[32minfo[39m]: [32mConexão com o banco de dados realizada com sucesso![39m
[2023-11-30:36:50:3650] - [[32minfo[39m]: [32mAplicação iniciada com sucesso na porta 3000[39m
[2023-11-30:36:53:3653] - [[32minfo[39m]: [32mConexão com o banco de dados realizada com sucesso![39m
[2023-11-30:36:53:3653] - [[32minfo[39m]: [32mAplicação iniciada com sucesso na porta 3000[39m
[2023-11-30:36:57:3657] - [[32minfo[39m]: [32mConexão com o banco de dados realizada com sucesso![39m
[2023-11-30:36:57:3657] - [[32minfo[39m]: [32mAplicação iniciada com sucesso na porta 3000[39m
[2023-11-30:37:11:3711] - [[35mhttp[39m]: [35mPOST /api/movie 201 : res[content-length] = 79.506 ms[39m
[35m[39m
[2023-11-30:37:16:3716] - [[35mhttp[39m]: [35mPOST /api/movie 422 : res[content-length] = 1.750 ms[39m
[35m[39m
[2023-11-30:37:21:3721] - [[35mhttp[39m]: [35mPOST /api/movie 422 : res[content-length] = 0.979 ms[39m
[35m[39m
[2023-11-30:38:32:3832] - [[32minfo[39m]: [32mConexão com o banco de dados realizada com sucesso![39m
[2023-11-30:38:32:3832] - [[32minfo[39m]: [32mAplicação iniciada com sucesso na porta 3000[39m
[2023-11-30:38:36:3836] - [[32minfo[39m]: [32mConexão com o banco de dados realizada com sucesso![39m
[2023-11-30:38:36:3836] - [[32minfo[39m]: [32mAplicação iniciada com sucesso na porta 3000[39m
[2023-11-30:38:38:3838] - [[32minfo[39m]: [32mConexão com o banco de dados realizada com sucesso![39m
[2023-11-30:38:38:3838] - [[32minfo[39m]: [32mAplicação iniciada com sucesso na porta 3000[39m
[2023-11-30:38:59:3859] - [[32minfo[39m]: [32mConexão com o banco de dados realizada com sucesso![39m
[2023-11-30:38:59:3859] - [[32minfo[39m]: [32mAplicação iniciada com sucesso na porta 3000[39m
[2023-11-30:39:38:3938] - [[32minfo[39m]: [32mConexão com o banco de dados realizada com sucesso![39m
[2023-11-30:39:38:3938] - [[32minfo[39m]: [32mAplicação iniciada com sucesso na porta 3000[39m
[2023-11-30:39:46:3946] - [[32minfo[39m]: [32mConexão com o banco de dados realizada com sucesso![39m
[2023-11-30:39:46:3946] - [[32minfo[39m]: [32mAplicação iniciada com sucesso na porta 3000[39m
[2023-11-30:39:51:3951] - [[32minfo[39m]: [32mConexão com o banco de dados realizada com sucesso![39m
[2023-11-30:39:51:3951] - [[32minfo[39m]: [32mAplicação iniciada com sucesso na porta 3000[39m
[2023-11-30:39:55:3955] - [[32minfo[39m]: [32mConexão com o banco de dados realizada com sucesso![39m
[2023-11-30:39:55:3955] - [[32minfo[39m]: [32mAplicação iniciada com sucesso na porta 3000[39m
[2023-11-30:40:11:4011] - [[35mhttp[39m]: [35mPOST /api/movie 422 : res[content-length] = 7.044 ms[39m
[35m[39m
[2023-11-30:40:46:4046] - [[35mhttp[39m]: [35mPOST /api/movie 201 : res[content-length] = 87.427 ms[39m
[35m[39m
[2023-11-30:41:36:4136] - [[35mhttp[39m]: [35mPOST /api/movie 201 : res[content-length] = 59.829 ms[39m
[35m[39m
[2023-11-30:42:09:429] - [[32minfo[39m]: [32mConexão com o banco de dados realizada com sucesso![39m
[2023-11-30:42:09:429] - [[32minfo[39m]: [32mAplicação iniciada com sucesso na porta 3000[39m
[2023-11-30:42:15:4215] - [[32minfo[39m]: [32mConexão com o banco de dados realizada com sucesso![39m
[2023-11-30:42:15:4215] - [[32minfo[39m]: [32mAplicação iniciada com sucesso na porta 3000[39m
[2023-11-30:42:23:4223] - [[35mhttp[39m]: [35mPOST /api/movie 422 : res[content-length] = 9.977 ms[39m
[35m[39m
[2023-11-30:42:50:4250] - [[32minfo[39m]: [32mConexão com o banco de dados realizada com sucesso![39m
[2023-11-30:42:50:4250] - [[32minfo[39m]: [32mAplicação iniciada com sucesso na porta 3000[39m
[2023-11-30:42:53:4253] - [[35mhttp[39m]: [35mPOST /api/movie 422 : res[content-length] = 6.876 ms[39m
[35m[39m
[2023-11-30:42:57:4257] - [[35mhttp[39m]: [35mPOST /api/movie 422 : res[content-length] = 1.567 ms[39m
[35m[39m
[2023-11-30:43:09:439] - [[32minfo[39m]: [32mConexão com o banco de dados realizada com sucesso![39m
[2023-11-30:43:09:439] - [[32minfo[39m]: [32mAplicação iniciada com sucesso na porta 3000[39m
[2023-11-30:43:48:4348] - [[32minfo[39m]: [32mConexão com o banco de dados realizada com sucesso![39m
[2023-11-30:43:48:4348] - [[32minfo[39m]: [32mAplicação iniciada com sucesso na porta 3000[39m
[2023-11-30:43:54:4354] - [[32minfo[39m]: [32mConexão com o banco de dados realizada com sucesso![39m
[2023-11-30:43:54:4354] - [[32minfo[39m]: [32mAplicação iniciada com sucesso na porta 3000[39m
[2023-11-30:44:00:440] - [[32minfo[39m]: [32mConexão com o banco de dados realizada com sucesso![39m
[2023-11-30:44:00:440] - [[32minfo[39m]: [32mAplicação iniciada com sucesso na porta 3000[39m
[2023-11-30:44:07:447] - [[32minfo[39m]: [32mConexão com o banco de dados realizada com sucesso![39m
[2023-11-30:44:07:447] - [[32minfo[39m]: [32mAplicação iniciada com sucesso na porta 3000[39m
[2023-11-30:44:37:4437] - [[32minfo[39m]: [32mConexão com o banco de dados realizada com sucesso![39m
[2023-11-30:44:37:4437] - [[32minfo[39m]: [32mAplicação iniciada com sucesso na porta 3000[39m
[2023-11-30:45:22:4522] - [[32minfo[39m]: [32mConexão com o banco de dados realizada com sucesso![39m
[2023-11-30:45:22:4522] - [[32minfo[39m]: [32mAplicação iniciada com sucesso na porta 3000[39m
[2023-11-30:48:57:4857] - [[32minfo[39m]: [32mConexão com o banco de dados realizada com sucesso![39m
[2023-11-30:48:57:4857] - [[32minfo[39m]: [32mAplicação iniciada com sucesso na porta 3000[39m
[2023-11-30:49:01:491] - [[32minfo[39m]: [32mConexão com o banco de dados realizada com sucesso![39m
[2023-11-30:49:01:491] - [[32minfo[39m]: [32mAplicação iniciada com sucesso na porta 3000[39m
[2023-11-30:49:06:496] - [[32minfo[39m]: [32mConexão com o banco de dados realizada com sucesso![39m
[2023-11-30:49:06:496] - [[32minfo[39m]: [32mAplicação iniciada com sucesso na porta 3000[39m
[2023-11-30:49:11:4911] - [[32minfo[39m]: [32mConexão com o banco de dados realizada com sucesso![39m
[2023-11-30:49:11:4911] - [[32minfo[39m]: [32mAplicação iniciada com sucesso na porta 3000[39m
[2023-11-30:49:28:4928] - [[32minfo[39m]: [32mConexão com o banco de dados realizada com sucesso![39m
[2023-11-30:49:28:4928] - [[32minfo[39m]: [32mAplicação iniciada com sucesso na porta 3000[39m
[2023-11-30:49:33:4933] - [[32minfo[39m]: [32mConexão com o banco de dados realizada com sucesso![39m
[2023-11-30:49:33:4933] - [[32minfo[39m]: [32mAplicação iniciada com sucesso na porta 3000[39m
[2023-11-30:49:36:4936] - [[32minfo[39m]: [32mConexão com o banco de dados realizada com sucesso![39m
[2023-11-30:49:36:4936] - [[32minfo[39m]: [32mAplicação iniciada com sucesso na porta 3000[39m
[2023-11-30:49:53:4953] - [[32minfo[39m]: [32mConexão com o banco de dados realizada com sucesso![39m
[2023-11-30:49:53:4953] - [[32minfo[39m]: [32mAplicação iniciada com sucesso na porta 3000[39m
[2023-11-30:50:05:505] - [[32minfo[39m]: [32mConexão com o banco de dados realizada com sucesso![39m
[2023-11-30:50:05:505] - [[32minfo[39m]: [32mAplicação iniciada com sucesso na porta 3000[39m
[2023-11-30:50:12:5012] - [[32minfo[39m]: [32mConexão com o banco de dados realizada com sucesso![39m
[2023-11-30:50:12:5012] - [[32minfo[39m]: [32mAplicação iniciada com sucesso na porta 3000[39m
[2023-11-30:50:14:5014] - [[32minfo[39m]: [32mConexão com o banco de dados realizada com sucesso![39m
[2023-11-30:50:14:5014] - [[32minfo[39m]: [32mAplicação iniciada com sucesso na porta 3000[39m
[2023-11-30:50:36:5036] - [[35mhttp[39m]: [35mPOST /api/movie 422 : res[content-length] = 6.172 ms[39m
[35m[39m
[2023-11-30:50:46:5046] - [[32minfo[39m]: [32mConexão com o banco de dados realizada com sucesso![39m
[2023-11-30:50:46:5046] - [[32minfo[39m]: [32mAplicação iniciada com sucesso na porta 3000[39m
[2023-11-30:50:51:5051] - [[35mhttp[39m]: [35mPOST /api/movie 422 : res[content-length] = 6.782 ms[39m
[35m[39m
[2023-11-30:51:01:511] - [[35mhttp[39m]: [35mPOST /api/movie 422 : res[content-length] = 1.732 ms[39m
[35m[39m
[2023-11-30:51:11:5111] - [[35mhttp[39m]: [35mPOST /api/movie 422 : res[content-length] = 1.736 ms[39m
[35m[39m
[2023-11-30:52:04:524] - [[35mhttp[39m]: [35mPOST /api/movie 422 : res[content-length] = 0.761 ms[39m
[35m[39m
[2023-11-30:52:23:5223] - [[35mhttp[39m]: [35mPOST /api/movie 422 : res[content-length] = 1.454 ms[39m
[35m[39m
[2023-11-30:52:40:5240] - [[35mhttp[39m]: [35mPOST /api/movie 201 : res[content-length] = 74.500 ms[39m
[35m[39m
[2023-11-30:17:30:1730] - [[32minfo[39m]: [32mConexão com o banco de dados realizada com sucesso![39m
[2023-11-30:17:30:1730] - [[32minfo[39m]: [32mAplicação iniciada com sucesso na porta 3000[39m
[2023-11-30:17:32:1732] - [[32minfo[39m]: [32mConexão com o banco de dados realizada com sucesso![39m
[2023-11-30:17:32:1732] - [[32minfo[39m]: [32mAplicação iniciada com sucesso na porta 3000[39m
[2023-11-30:17:35:1735] - [[32minfo[39m]: [32mConexão com o banco de dados realizada com sucesso![39m
[2023-11-30:17:35:1735] - [[32minfo[39m]: [32mAplicação iniciada com sucesso na porta 3000[39m
[2023-11-30:17:49:1749] - [[32minfo[39m]: [32mConexão com o banco de dados realizada com sucesso![39m
[2023-11-30:17:49:1749] - [[32minfo[39m]: [32mAplicação iniciada com sucesso na porta 3000[39m
[2023-11-30:17:55:1755] - [[32minfo[39m]: [32mConexão com o banco de dados realizada com sucesso![39m
[2023-11-30:17:55:1755] - [[32minfo[39m]: [32mAplicação iniciada com sucesso na porta 3000[39m
[2023-11-30:18:03:183] - [[32minfo[39m]: [32mConexão com o banco de dados realizada com sucesso![39m
[2023-11-30:18:03:183] - [[32minfo[39m]: [32mAplicação iniciada com sucesso na porta 3000[39m
[2023-11-30:18:07:187] - [[32minfo[39m]: [32mConexão com o banco de dados realizada com sucesso![39m
[2023-11-30:18:07:187] - [[32minfo[39m]: [32mAplicação iniciada com sucesso na porta 3000[39m
[2023-11-30:18:10:1810] - [[32minfo[39m]: [32mConexão com o banco de dados realizada com sucesso![39m
[2023-11-30:18:10:1810] - [[32minfo[39m]: [32mAplicação iniciada com sucesso na porta 3000[39m
[2023-11-30:18:12:1812] - [[32minfo[39m]: [32mConexão com o banco de dados realizada com sucesso![39m
[2023-11-30:18:12:1812] - [[32minfo[39m]: [32mAplicação iniciada com sucesso na porta 3000[39m
[2023-11-30:18:21:1821] - [[32minfo[39m]: [32mConexão com o banco de dados realizada com sucesso![39m
[2023-11-30:18:21:1821] - [[32minfo[39m]: [32mAplicação iniciada com sucesso na porta 3000[39m
[2023-11-30:18:32:1832] - [[32minfo[39m]: [32mConexão com o banco de dados realizada com sucesso![39m
[2023-11-30:18:32:1832] - [[32minfo[39m]: [32mAplicação iniciada com sucesso na porta 3000[39m
[2023-11-30:18:42:1842] - [[32minfo[39m]: [32mConexão com o banco de dados realizada com sucesso![39m
[2023-11-30:18:42:1842] - [[32minfo[39m]: [32mAplicação iniciada com sucesso na porta 3000[39m
[2023-11-30:18:47:1847] - [[32minfo[39m]: [32mConexão com o banco de dados realizada com sucesso![39m
[2023-11-30:18:47:1847] - [[32minfo[39m]: [32mAplicação iniciada com sucesso na porta 3000[39m
[2023-11-30:18:49:1849] - [[32minfo[39m]: [32mConexão com o banco de dados realizada com sucesso![39m
[2023-11-30:18:49:1849] - [[32minfo[39m]: [32mAplicação iniciada com sucesso na porta 3000[39m
[2023-11-30:19:01:191] - [[32minfo[39m]: [32mConexão com o banco de dados realizada com sucesso![39m
[2023-11-30:19:01:191] - [[32minfo[39m]: [32mAplicação iniciada com sucesso na porta 3000[39m
[2023-11-30:19:12:1912] - [[32minfo[39m]: [32mConexão com o banco de dados realizada com sucesso![39m
[2023-11-30:19:12:1912] - [[32minfo[39m]: [32mAplicação iniciada com sucesso na porta 3000[39m
[2023-11-30:19:15:1915] - [[32minfo[39m]: [32mConexão com o banco de dados realizada com sucesso![39m
[2023-11-30:19:15:1915] - [[32minfo[39m]: [32mAplicação iniciada com sucesso na porta 3000[39m
[2023-11-30:19:20:1920] - [[32minfo[39m]: [32mConexão com o banco de dados realizada com sucesso![39m
[2023-11-30:19:20:1920] - [[32minfo[39m]: [32mAplicação iniciada com sucesso na porta 3000[39m
[2023-11-30:19:27:1927] - [[32minfo[39m]: [32mConexão com o banco de dados realizada com sucesso![39m
[2023-11-30:19:27:1927] - [[32minfo[39m]: [32mAplicação iniciada com sucesso na porta 3000[39m
[2023-11-30:19:36:1936] - [[32minfo[39m]: [32mConexão com o banco de dados realizada com sucesso![39m
[2023-11-30:19:36:1936] - [[32minfo[39m]: [32mAplicação iniciada com sucesso na porta 3000[39m
[2023-11-30:19:41:1941] - [[32minfo[39m]: [32mConexão com o banco de dados realizada com sucesso![39m
[2023-11-30:19:41:1941] - [[32minfo[39m]: [32mAplicação iniciada com sucesso na porta 3000[39m
[2023-11-30:19:56:1956] - [[32minfo[39m]: [32mConexão com o banco de dados realizada com sucesso![39m
[2023-11-30:19:56:1956] - [[32minfo[39m]: [32mAplicação iniciada com sucesso na porta 3000[39m
[2023-11-30:20:15:2015] - [[32minfo[39m]: [32mConexão com o banco de dados realizada com sucesso![39m
[2023-11-30:20:15:2015] - [[32minfo[39m]: [32mAplicação iniciada com sucesso na porta 3000[39m
[2023-11-30:20:18:2018] - [[32minfo[39m]: [32mConexão com o banco de dados realizada com sucesso![39m
[2023-11-30:20:18:2018] - [[32minfo[39m]: [32mAplicação iniciada com sucesso na porta 3000[39m
[2023-11-30:20:22:2022] - [[32minfo[39m]: [32mConexão com o banco de dados realizada com sucesso![39m
[2023-11-30:20:22:2022] - [[32minfo[39m]: [32mAplicação iniciada com sucesso na porta 3000[39m
[2023-11-30:21:03:213] - [[31merror[39m]: [31mErro no sistema: Cast to ObjectId failed for value "1" (type string) at path "_id" for model "Movie"[39m
[2023-11-30:22:06:226] - [[35mhttp[39m]: [35mGET /api/movie/1 - : res[content-length] = - ms[39m
[35m[39m
[2023-11-30:23:20:2320] - [[35mhttp[39m]: [35mGET /api/movie/6569042800d92a28b111a8e4 - : res[content-length] = - ms[39m
[35m[39m
[2023-11-30:23:23:2323] - [[35mhttp[39m]: [35mGET /api/movie/6569042800d92a28b111a8e3 404 : res[content-length] = 56.912 ms[39m
[35m[39m
[2023-11-30:23:51:2351] - [[32minfo[39m]: [32mConexão com o banco de dados realizada com sucesso![39m
[2023-11-30:23:51:2351] - [[32minfo[39m]: [32mAplicação iniciada com sucesso na porta 3000[39m
[2023-11-30:23:54:2354] - [[32minfo[39m]: [32mConexão com o banco de dados realizada com sucesso![39m
[2023-11-30:23:54:2354] - [[32minfo[39m]: [32mAplicação iniciada com sucesso na porta 3000[39m
[2023-11-30:24:00:240] - [[35mhttp[39m]: [35mGET /api/movie/6569042800d92a28b111a8e4 201 : res[content-length] = 67.278 ms[39m
[35m[39m
[2023-11-30:24:33:2433] - [[32minfo[39m]: [32mConexão com o banco de dados realizada com sucesso![39m
[2023-11-30:24:33:2433] - [[32minfo[39m]: [32mAplicação iniciada com sucesso na porta 3000[39m
[2023-11-30:32:05:325] - [[32minfo[39m]: [32mConexão com o banco de dados realizada com sucesso![39m
[2023-11-30:32:05:325] - [[32minfo[39m]: [32mAplicação iniciada com sucesso na porta 3000[39m
[2023-11-30:32:16:3216] - [[32minfo[39m]: [32mConexão com o banco de dados realizada com sucesso![39m
[2023-11-30:32:16:3216] - [[32minfo[39m]: [32mAplicação iniciada com sucesso na porta 3000[39m
[2023-11-30:32:27:3227] - [[32minfo[39m]: [32mConexão com o banco de dados realizada com sucesso![39m
[2023-11-30:32:27:3227] - [[32minfo[39m]: [32mAplicação iniciada com sucesso na porta 3000[39m
[2023-11-30:32:45:3245] - [[32minfo[39m]: [32mConexão com o banco de dados realizada com sucesso![39m
[2023-11-30:32:45:3245] - [[32minfo[39m]: [32mAplicação iniciada com sucesso na porta 3000[39m
[2023-11-30:32:58:3258] - [[32minfo[39m]: [32mConexão com o banco de dados realizada com sucesso![39m
[2023-11-30:32:58:3258] - [[32minfo[39m]: [32mAplicação iniciada com sucesso na porta 3000[39m
[2023-11-30:33:13:3313] - [[32minfo[39m]: [32mConexão com o banco de dados realizada com sucesso![39m
[2023-11-30:33:13:3313] - [[32minfo[39m]: [32mAplicação iniciada com sucesso na porta 3000[39m
[2023-11-30:33:15:3315] - [[32minfo[39m]: [32mConexão com o banco de dados realizada com sucesso![39m
[2023-11-30:33:15:3315] - [[32minfo[39m]: [32mAplicação iniciada com sucesso na porta 3000[39m
[2023-11-30:33:21:3321] - [[32minfo[39m]: [32mConexão com o banco de dados realizada com sucesso![39m
[2023-11-30:33:21:3321] - [[32minfo[39m]: [32mAplicação iniciada com sucesso na porta 3000[39m
[2023-11-30:33:36:3336] - [[32minfo[39m]: [32mConexão com o banco de dados realizada com sucesso![39m
[2023-11-30:33:36:3336] - [[32minfo[39m]: [32mAplicação iniciada com sucesso na porta 3000[39m
[2023-11-30:33:39:3339] - [[32minfo[39m]: [32mConexão com o banco de dados realizada com sucesso![39m
[2023-11-30:33:39:3339] - [[32minfo[39m]: [32mAplicação iniciada com sucesso na porta 3000[39m
[2023-11-30:33:52:3352] - [[32minfo[39m]: [32mConexão com o banco de dados realizada com sucesso![39m
[2023-11-30:33:52:3352] - [[32minfo[39m]: [32mAplicação iniciada com sucesso na porta 3000[39m
[2023-11-30:34:05:345] - [[32minfo[39m]: [32mConexão com o banco de dados realizada com sucesso![39m
[2023-11-30:34:05:345] - [[32minfo[39m]: [32mAplicação iniciada com sucesso na porta 3000[39m
[2023-11-30:34:26:3426] - [[35mhttp[39m]: [35mGET /api/movies 200 : res[content-length] = 66.454 ms[39m
[35m[39m
[2023-11-30:35:02:352] - [[32minfo[39m]: [32mConexão com o banco de dados realizada com sucesso![39m
[2023-11-30:35:02:352] - [[32minfo[39m]: [32mAplicação iniciada com sucesso na porta 3000[39m
[2023-11-30:35:08:358] - [[35mhttp[39m]: [35mGET /api/movie 200 : res[content-length] = 66.796 ms[39m
[35m[39m
[2023-11-30:39:51:3951] - [[32minfo[39m]: [32mConexão com o banco de dados realizada com sucesso![39m
[2023-11-30:39:51:3951] - [[32minfo[39m]: [32mAplicação iniciada com sucesso na porta 3000[39m
[2023-11-30:39:53:3953] - [[32minfo[39m]: [32mConexão com o banco de dados realizada com sucesso![39m
[2023-11-30:39:53:3953] - [[32minfo[39m]: [32mAplicação iniciada com sucesso na porta 3000[39m
[2023-11-30:40:05:405] - [[32minfo[39m]: [32mConexão com o banco de dados realizada com sucesso![39m
[2023-11-30:40:05:405] - [[32minfo[39m]: [32mAplicação iniciada com sucesso na porta 3000[39m
[2023-11-30:40:42:4042] - [[32minfo[39m]: [32mConexão com o banco de dados realizada com sucesso![39m
[2023-11-30:40:42:4042] - [[32minfo[39m]: [32mAplicação iniciada com sucesso na porta 3000[39m
[2023-11-30:40:46:4046] - [[32minfo[39m]: [32mConexão com o banco de dados realizada com sucesso![39m
[2023-11-30:40:46:4046] - [[32minfo[39m]: [32mAplicação iniciada com sucesso na porta 3000[39m
[2023-11-30:40:59:4059] - [[32minfo[39m]: [32mConexão com o banco de dados realizada com sucesso![39m
[2023-11-30:40:59:4059] - [[32minfo[39m]: [32mAplicação iniciada com sucesso na porta 3000[39m
[2023-11-30:41:05:415] - [[32minfo[39m]: [32mConexão com o banco de dados realizada com sucesso![39m
[2023-11-30:41:05:415] - [[32minfo[39m]: [32mAplicação iniciada com sucesso na porta 3000[39m
[2023-11-30:41:17:4117] - [[32minfo[39m]: [32mConexão com o banco de dados realizada com sucesso![39m
[2023-11-30:41:17:4117] - [[32minfo[39m]: [32mAplicação iniciada com sucesso na porta 3000[39m
[2023-11-30:41:33:4133] - [[32minfo[39m]: [32mConexão com o banco de dados realizada com sucesso![39m
[2023-11-30:41:33:4133] - [[32minfo[39m]: [32mAplicação iniciada com sucesso na porta 3000[39m
[2023-11-30:41:35:4135] - [[32minfo[39m]: [32mConexão com o banco de dados realizada com sucesso![39m
[2023-11-30:41:35:4135] - [[32minfo[39m]: [32mAplicação iniciada com sucesso na porta 3000[39m
[2023-11-30:41:39:4139] - [[32minfo[39m]: [32mConexão com o banco de dados realizada com sucesso![39m
[2023-11-30:41:39:4139] - [[32minfo[39m]: [32mAplicação iniciada com sucesso na porta 3000[39m
[2023-11-30:42:03:423] - [[32minfo[39m]: [32mConexão com o banco de dados realizada com sucesso![39m
[2023-11-30:42:03:423] - [[32minfo[39m]: [32mAplicação iniciada com sucesso na porta 3000[39m
[2023-11-30:42:05:425] - [[32minfo[39m]: [32mConexão com o banco de dados realizada com sucesso![39m
[2023-11-30:42:05:425] - [[32minfo[39m]: [32mAplicação iniciada com sucesso na porta 3000[39m
[2023-11-30:42:10:4210] - [[32minfo[39m]: [32mConexão com o banco de dados realizada com sucesso![39m
[2023-11-30:42:10:4210] - [[32minfo[39m]: [32mAplicação iniciada com sucesso na porta 3000[39m
[2023-11-30:42:20:4220] - [[32minfo[39m]: [32mConexão com o banco de dados realizada com sucesso![39m
[2023-11-30:42:20:4220] - [[32minfo[39m]: [32mAplicação iniciada com sucesso na porta 3000[39m
[2023-11-30:42:26:4226] - [[32minfo[39m]: [32mConexão com o banco de dados realizada com sucesso![39m
[2023-11-30:42:26:4226] - [[32minfo[39m]: [32mAplicação iniciada com sucesso na porta 3000[39m
[2023-11-30:42:29:4229] - [[32minfo[39m]: [32mConexão com o banco de dados realizada com sucesso![39m
[2023-11-30:42:29:4229] - [[32minfo[39m]: [32mAplicação iniciada com sucesso na porta 3000[39m
[2023-11-30:43:08:438] - [[32minfo[39m]: [32mConexão com o banco de dados realizada com sucesso![39m
[2023-11-30:43:08:438] - [[32minfo[39m]: [32mAplicação iniciada com sucesso na porta 3000[39m
[2023-11-30:43:38:4338] - [[35mhttp[39m]: [35mDELETE /api/movie/ 404 : res[content-length] = 3.242 ms[39m
[35m[39m
[2023-11-30:43:43:4343] - [[35mhttp[39m]: [35mDELETE /api/movie/ 404 : res[content-length] = 0.708 ms[39m
[35m[39m
[2023-11-30:43:57:4357] - [[35mhttp[39m]: [35mDELETE /api/movie/6569042800d92a28b111a8e3 404 : res[content-length] = 60.947 ms[39m
[35m[39m
[2023-11-30:44:02:442] - [[35mhttp[39m]: [35mDELETE /api/movie/6569042800d92a28b111a8e4 - : res[content-length] = - ms[39m
[35m[39m
[2023-11-30:45:03:453] - [[32minfo[39m]: [32mConexão com o banco de dados realizada com sucesso![39m
[2023-11-30:45:03:453] - [[32minfo[39m]: [32mAplicação iniciada com sucesso na porta 3000[39m
[2023-11-30:45:09:459] - [[32minfo[39m]: [32mConexão com o banco de dados realizada com sucesso![39m
[2023-11-30:45:09:459] - [[32minfo[39m]: [32mAplicação iniciada com sucesso na porta 3000[39m
[2023-11-30:45:11:4511] - [[32minfo[39m]: [32mConexão com o banco de dados realizada com sucesso![39m
[2023-11-30:45:11:4511] - [[32minfo[39m]: [32mAplicação iniciada com sucesso na porta 3000[39m
[2023-11-30:45:16:4516] - [[32minfo[39m]: [32mConexão com o banco de dados realizada com sucesso![39m
[2023-11-30:45:16:4516] - [[32minfo[39m]: [32mAplicação iniciada com sucesso na porta 3000[39m
[2023-11-30:45:19:4519] - [[32minfo[39m]: [32mConexão com o banco de dados realizada com sucesso![39m
[2023-11-30:45:19:4519] - [[32minfo[39m]: [32mAplicação iniciada com sucesso na porta 3000[39m
[2023-11-30:45:29:4529] - [[32minfo[39m]: [32mConexão com o banco de dados realizada com sucesso![39m
[2023-11-30:45:29:4529] - [[32minfo[39m]: [32mAplicação iniciada com sucesso na porta 3000[39m
[2023-11-30:45:37:4537] - [[32minfo[39m]: [32mConexão com o banco de dados realizada com sucesso![39m
[2023-11-30:45:37:4537] - [[32minfo[39m]: [32mAplicação iniciada com sucesso na porta 3000[39m
[2023-11-30:45:43:4543] - [[32minfo[39m]: [32mConexão com o banco de dados realizada com sucesso![39m
[2023-11-30:45:43:4543] - [[32minfo[39m]: [32mAplicação iniciada com sucesso na porta 3000[39m
[2023-11-30:45:49:4549] - [[32minfo[39m]: [32mConexão com o banco de dados realizada com sucesso![39m
[2023-11-30:45:49:4549] - [[32minfo[39m]: [32mAplicação iniciada com sucesso na porta 3000[39m
[2023-11-30:45:51:4551] - [[35mhttp[39m]: [35mDELETE /api/movie/6569042800d92a28b111a8e4 200 : res[content-length] = 128.548 ms[39m
[35m[39m
[2023-11-30:46:09:469] - [[35mhttp[39m]: [35mPOST /api/movie 201 : res[content-length] = 83.360 ms[39m
[35m[39m
[2023-11-30:55:56:5556] - [[32minfo[39m]: [32mConexão com o banco de dados realizada com sucesso![39m
[2023-11-30:55:56:5556] - [[32minfo[39m]: [32mAplicação iniciada com sucesso na porta 3000[39m
[2023-11-30:56:02:562] - [[32minfo[39m]: [32mConexão com o banco de dados realizada com sucesso![39m
[2023-11-30:56:02:562] - [[32minfo[39m]: [32mAplicação iniciada com sucesso na porta 3000[39m
[2023-11-30:56:04:564] - [[32minfo[39m]: [32mConexão com o banco de dados realizada com sucesso![39m
[2023-11-30:56:04:564] - [[32minfo[39m]: [32mAplicação iniciada com sucesso na porta 3000[39m
[2023-11-30:56:12:5612] - [[32minfo[39m]: [32mConexão com o banco de dados realizada com sucesso![39m
[2023-11-30:56:12:5612] - [[32minfo[39m]: [32mAplicação iniciada com sucesso na porta 3000[39m
[2023-11-30:56:18:5618] - [[32minfo[39m]: [32mConexão com o banco de dados realizada com sucesso![39m
[2023-11-30:56:18:5618] - [[32minfo[39m]: [32mAplicação iniciada com sucesso na porta 3000[39m
[2023-11-30:56:35:5635] - [[32minfo[39m]: [32mConexão com o banco de dados realizada com sucesso![39m
[2023-11-30:56:35:5635] - [[32minfo[39m]: [32mAplicação iniciada com sucesso na porta 3000[39m
[2023-11-30:56:40:5640] - [[32minfo[39m]: [32mConexão com o banco de dados realizada com sucesso![39m
[2023-11-30:56:40:5640] - [[32minfo[39m]: [32mAplicação iniciada com sucesso na porta 3000[39m
[2023-11-30:56:50:5650] - [[32minfo[39m]: [32mConexão com o banco de dados realizada com sucesso![39m
[2023-11-30:56:50:5650] - [[32minfo[39m]: [32mAplicação iniciada com sucesso na porta 3000[39m
[2023-11-30:56:52:5652] - [[32minfo[39m]: [32mConexão com o banco de dados realizada com sucesso![39m
[2023-11-30:56:52:5652] - [[32minfo[39m]: [32mAplicação iniciada com sucesso na porta 3000[39m
[2023-11-30:57:04:574] - [[32minfo[39m]: [32mConexão com o banco de dados realizada com sucesso![39m
[2023-11-30:57:04:574] - [[32minfo[39m]: [32mAplicação iniciada com sucesso na porta 3000[39m
[2023-11-30:57:12:5712] - [[32minfo[39m]: [32mConexão com o banco de dados realizada com sucesso![39m
[2023-11-30:57:12:5712] - [[32minfo[39m]: [32mAplicação iniciada com sucesso na porta 3000[39m
[2023-11-30:57:20:5720] - [[32minfo[39m]: [32mConexão com o banco de dados realizada com sucesso![39m
[2023-11-30:57:20:5720] - [[32minfo[39m]: [32mAplicação iniciada com sucesso na porta 3000[39m
[2023-11-30:57:31:5731] - [[32minfo[39m]: [32mConexão com o banco de dados realizada com sucesso![39m
[2023-11-30:57:31:5731] - [[32minfo[39m]: [32mAplicação iniciada com sucesso na porta 3000[39m
[2023-11-30:57:37:5737] - [[32minfo[39m]: [32mConexão com o banco de dados realizada com sucesso![39m
[2023-11-30:57:37:5737] - [[32minfo[39m]: [32mAplicação iniciada com sucesso na porta 3000[39m
[2023-11-30:57:41:5741] - [[32minfo[39m]: [32mConexão com o banco de dados realizada com sucesso![39m
[2023-11-30:57:41:5741] - [[32minfo[39m]: [32mAplicação iniciada com sucesso na porta 3000[39m
[2023-11-30:57:43:5743] - [[32minfo[39m]: [32mConexão com o banco de dados realizada com sucesso![39m
[2023-11-30:57:43:5743] - [[32minfo[39m]: [32mAplicação iniciada com sucesso na porta 3000[39m
[2023-11-30:57:52:5752] - [[32minfo[39m]: [32mConexão com o banco de dados realizada com sucesso![39m
[2023-11-30:57:52:5752] - [[32minfo[39m]: [32mAplicação iniciada com sucesso na porta 3000[39m
[2023-11-30:57:59:5759] - [[32minfo[39m]: [32mConexão com o banco de dados realizada com sucesso![39m
[2023-11-30:57:59:5759] - [[32minfo[39m]: [32mAplicação iniciada com sucesso na porta 3000[39m
[2023-11-30:58:14:5814] - [[32minfo[39m]: [32mConexão com o banco de dados realizada com sucesso![39m
[2023-11-30:58:14:5814] - [[32minfo[39m]: [32mAplicação iniciada com sucesso na porta 3000[39m
[2023-11-30:59:02:592] - [[35mhttp[39m]: [35mPATCH /api/movie/6569042800d92a28b111a8e4 404 : res[content-length] = 4.174 ms[39m
[35m[39m
[2023-11-30:59:05:595] - [[35mhttp[39m]: [35mPATCH /api/movie/6569042800d92a28b111a8e4 404 : res[content-length] = 1.006 ms[39m
[35m[39m
[2023-11-30:59:24:5924] - [[32minfo[39m]: [32mConexão com o banco de dados realizada com sucesso![39m
[2023-11-30:59:24:5924] - [[32minfo[39m]: [32mAplicação iniciada com sucesso na porta 3000[39m
[2023-11-30:59:25:5925] - [[35mhttp[39m]: [35mPATCH /api/movie/6569042800d92a28b111a8e4 200 : res[content-length] = 3.664 ms[39m
[35m[39m
[2023-11-30:59:36:5936] - [[32minfo[39m]: [32mConexão com o banco de dados realizada com sucesso![39m
[2023-11-30:59:36:5936] - [[32minfo[39m]: [32mAplicação iniciada com sucesso na porta 3000[39m
[2023-11-30:59:38:5938] - [[35mhttp[39m]: [35mPATCH /api/movie/6569042800d92a28b111a8e4 200 : res[content-length] = 4.143 ms[39m
[35m[39m
[2023-11-30:59:39:5939] - [[32minfo[39m]: [32mConexão com o banco de dados realizada com sucesso![39m
[2023-11-30:59:39:5939] - [[32minfo[39m]: [32mAplicação iniciada com sucesso na porta 3000[39m
[2023-11-30:59:44:5944] - [[35mhttp[39m]: [35mPATCH /api/movie/6569042800d92a28b111a8e3 200 : res[content-length] = 0.739 ms[39m
[35m[39m
[2023-11-30:59:46:5946] - [[35mhttp[39m]: [35mPATCH /api/movie/6569042800d92a28b111a8e3 200 : res[content-length] = 0.440 ms[39m
[35m[39m
[2023-11-30:00:04:04] - [[35mhttp[39m]: [35mPATCH /api/movie/6569042800d92a28b111a8e3 200 : res[content-length] = 0.549 ms[39m
[35m[39m
[2023-11-30:00:06:06] - [[35mhttp[39m]: [35mPATCH /api/movie/6569042800d92a28b111a8e3 200 : res[content-length] = 0.888 ms[39m
[35m[39m
[2023-11-30:00:08:08] - [[35mhttp[39m]: [35mPATCH /api/movie/6569042800d92a28b111a8e2 200 : res[content-length] = 0.391 ms[39m
[35m[39m
[2023-11-30:00:10:010] - [[35mhttp[39m]: [35mPATCH /api/movie/6569042800d92a28b111a8e4 200 : res[content-length] = 0.572 ms[39m
[35m[39m
[2023-11-30:00:16:016] - [[32minfo[39m]: [32mConexão com o banco de dados realizada com sucesso![39m
[2023-11-30:00:16:016] - [[32minfo[39m]: [32mAplicação iniciada com sucesso na porta 3000[39m
[2023-11-30:00:19:019] - [[35mhttp[39m]: [35mPATCH /api/movie/6569042800d92a28b111a8e4 - : res[content-length] = - ms[39m
[35m[39m
[2023-11-30:00:24:024] - [[35mhttp[39m]: [35mPATCH /api/movie/6569042800d92a28b111a8e3 - : res[content-length] = - ms[39m
[35m[39m
[2023-11-30:00:42:042] - [[35mhttp[39m]: [35mPATCH /api/movie/6569042800d92a28b111a8e4 - : res[content-length] = - ms[39m
[35m[39m
[2023-11-30:01:44:144] - [[35mhttp[39m]: [35mPATCH /api/movie/6569042800d92a28b111a8e3 - : res[content-length] = - ms[39m
[35m[39m
[2023-11-30:02:36:236] - [[35mhttp[39m]: [35mPATCH /api/movie/6569042800d92a28b111a8e3 - : res[content-length] = - ms[39m
[35m[39m
[2023-11-30:02:40:240] - [[35mhttp[39m]: [35mPATCH /api/movie/656910b123383f4489f834d5 - : res[content-length] = - ms[39m
[35m[39m
[2023-11-30:02:46:246] - [[35mhttp[39m]: [35mPATCH /api/movie/656910b123383f4489f834d3 - : res[content-length] = - ms[39m
[35m[39m
[2023-11-30:02:58:258] - [[35mhttp[39m]: [35mPATCH /api/movie/656910b123383f4489f834d3 - : res[content-length] = - ms[39m
[35m[39m
[2023-11-30:03:42:342] - [[32minfo[39m]: [32mConexão com o banco de dados realizada com sucesso![39m
[2023-11-30:03:42:342] - [[32minfo[39m]: [32mAplicação iniciada com sucesso na porta 3000[39m
[2023-11-30:03:47:347] - [[32minfo[39m]: [32mConexão com o banco de dados realizada com sucesso![39m
[2023-11-30:03:47:347] - [[32minfo[39m]: [32mAplicação iniciada com sucesso na porta 3000[39m
[2023-11-30:03:54:354] - [[35mhttp[39m]: [35mPATCH /api/movie/656910b123383f4489f834d3 404 : res[content-length] = 63.175 ms[39m
[35m[39m
[2023-11-30:03:59:359] - [[35mhttp[39m]: [35mPATCH /api/movie/656910b123383f4489f834d5 - : res[content-length] = - ms[39m
[35m[39m
[2023-11-30:04:02:42] - [[35mhttp[39m]: [35mPATCH /api/movie/656910b123383f4489f834d4 404 : res[content-length] = 55.624 ms[39m
[35m[39m
[2023-11-30:04:25:425] - [[32minfo[39m]: [32mConexão com o banco de dados realizada com sucesso![39m
[2023-11-30:04:25:425] - [[32minfo[39m]: [32mAplicação iniciada com sucesso na porta 3000[39m
[2023-11-30:04:27:427] - [[32minfo[39m]: [32mConexão com o banco de dados realizada com sucesso![39m
[2023-11-30:04:27:427] - [[32minfo[39m]: [32mAplicação iniciada com sucesso na porta 3000[39m
[2023-11-30:04:33:433] - [[32minfo[39m]: [32mConexão com o banco de dados realizada com sucesso![39m
[2023-11-30:04:33:433] - [[32minfo[39m]: [32mAplicação iniciada com sucesso na porta 3000[39m
[2023-11-30:04:45:445] - [[32minfo[39m]: [32mConexão com o banco de dados realizada com sucesso![39m
[2023-11-30:04:45:445] - [[32minfo[39m]: [32mAplicação iniciada com sucesso na porta 3000[39m
[2023-11-30:04:48:448] - [[32minfo[39m]: [32mConexão com o banco de dados realizada com sucesso![39m
[2023-11-30:04:48:448] - [[32minfo[39m]: [32mAplicação iniciada com sucesso na porta 3000[39m
[2023-11-30:05:02:52] - [[32minfo[39m]: [32mConexão com o banco de dados realizada com sucesso![39m
[2023-11-30:05:02:52] - [[32minfo[39m]: [32mAplicação iniciada com sucesso na porta 3000[39m
[2023-11-30:05:04:54] - [[32minfo[39m]: [32mConexão com o banco de dados realizada com sucesso![39m
[2023-11-30:05:04:54] - [[32minfo[39m]: [32mAplicação iniciada com sucesso na porta 3000[39m
[2023-11-30:05:06:56] - [[32minfo[39m]: [32mConexão com o banco de dados realizada com sucesso![39m
[2023-11-30:05:06:56] - [[32minfo[39m]: [32mAplicação iniciada com sucesso na porta 3000[39m
[2023-11-30:05:10:510] - [[32minfo[39m]: [32mConexão com o banco de dados realizada com sucesso![39m
[2023-11-30:05:10:510] - [[32minfo[39m]: [32mAplicação iniciada com sucesso na porta 3000[39m
[2023-11-30:05:16:516] - [[32minfo[39m]: [32mConexão com o banco de dados realizada com sucesso![39m
[2023-11-30:05:16:516] - [[32minfo[39m]: [32mAplicação iniciada com sucesso na porta 3000[39m
[2023-11-30:05:27:527] - [[32minfo[39m]: [32mConexão com o banco de dados realizada com sucesso![39m
[2023-11-30:05:27:527] - [[32minfo[39m]: [32mAplicação iniciada com sucesso na porta 3000[39m
[2023-11-30:05:29:529] - [[32minfo[39m]: [32mConexão com o banco de dados realizada com sucesso![39m
[2023-11-30:05:29:529] - [[32minfo[39m]: [32mAplicação iniciada com sucesso na porta 3000[39m
[2023-11-30:05:37:537] - [[32minfo[39m]: [32mConexão com o banco de dados realizada com sucesso![39m
[2023-11-30:05:37:537] - [[32minfo[39m]: [32mAplicação iniciada com sucesso na porta 3000[39m
[2023-11-30:05:39:539] - [[32minfo[39m]: [32mConexão com o banco de dados realizada com sucesso![39m
[2023-11-30:05:39:539] - [[32minfo[39m]: [32mAplicação iniciada com sucesso na porta 3000[39m
[2023-11-30:05:41:541] - [[32minfo[39m]: [32mConexão com o banco de dados realizada com sucesso![39m
[2023-11-30:05:41:541] - [[32minfo[39m]: [32mAplicação iniciada com sucesso na porta 3000[39m
[2023-11-30:05:46:546] - [[32minfo[39m]: [32mConexão com o banco de dados realizada com sucesso![39m
[2023-11-30:05:46:546] - [[32minfo[39m]: [32mAplicação iniciada com sucesso na porta 3000[39m
[2023-11-30:10:46:1046] - [[35mhttp[39m]: [35mPATCH /api/movie/656910b123383f4489f834d4 404 : res[content-length] = 66.898 ms[39m
[35m[39m
[2023-11-30:10:56:1056] - [[35mhttp[39m]: [35mPATCH /api/movie/656910b123383f4489f834d5 200 : res[content-length] = 126.911 ms[39m
[35m[39m
[2023-11-30:12:26:1226] - [[35mhttp[39m]: [35mPATCH /api/movie/656910b123383f4489f834d5 200 : res[content-length] = 118.631 ms[39m
[35m[39m
[2023-11-30:13:07:137] - [[32minfo[39m]: [32mConexão com o banco de dados realizada com sucesso![39m
[2023-11-30:13:07:137] - [[32minfo[39m]: [32mAplicação iniciada com sucesso na porta 3000[39m
[2023-11-30:13:53:1353] - [[35mhttp[39m]: [35mPATCH /api/movie/656910b123383f4489f834d5 200 : res[content-length] = 133.949 ms[39m
[35m[39m
[2023-11-30:16:07:167] - [[32minfo[39m]: [32mConexão com o banco de dados realizada com sucesso![39m
[2023-11-30:16:07:167] - [[32minfo[39m]: [32mAplicação iniciada com sucesso na porta 3000[39m
[2023-11-30:16:26:1626] - [[35mhttp[39m]: [35mPATCH /api/movie/656910b123383f4489f834d5 422 : res[content-length] = 10.367 ms[39m
[35m[39m
[2023-11-30:16:37:1637] - [[35mhttp[39m]: [35mPATCH /api/movie/656910b123383f4489f834d5 200 : res[content-length] = 152.269 ms[39m
[35m[39m
